#-----------------------------------------------------------
# Vivado v2020.1 (64-bit)
# SW Build 2902540 on Wed May 27 19:54:49 MDT 2020
# IP Build 2902112 on Wed May 27 22:43:36 MDT 2020
# Start of session at: Fri Nov  8 17:43:04 2024
# Process ID: 25760
# Current directory: C:/Users/ddddd/OneDrive/Desktop/Semester 3/DLD/Project/DLD Two Player Snake
# Command line: vivado.exe -gui_launcher_event rodinguilauncherevent22376 C:\Users\ddddd\OneDrive\Desktop\Semester 3\DLD\Project\DLD Two Player Snake\snake_game.xpr
# Log file: C:/Users/ddddd/OneDrive/Desktop/Semester 3/DLD/Project/DLD Two Player Snake/vivado.log
# Journal file: C:/Users/ddddd/OneDrive/Desktop/Semester 3/DLD/Project/DLD Two Player Snake\vivado.jou
#-----------------------------------------------------------
start_gui
open_project {C:/Users/ddddd/OneDrive/Desktop/Semester 3/DLD/Project/DLD Two Player Snake/snake_game.xpr}
INFO: [Project 1-313] Project file moved from 'C:/Users/ddddd/OneDrive/Desktop/Semester 3/DLD/Project/iron-man' since last save.
Scanning sources...
Finished scanning sources
INFO: [IP_Flow 19-234] Refreshing IP repositories
INFO: [IP_Flow 19-1704] No user IP repositories specified
INFO: [IP_Flow 19-2313] Loaded Vivado IP repository 'C:/Xilinx/Vivado/2020.1/data/ip'.
open_project: Time (s): cpu = 00:00:15 ; elapsed = 00:00:06 . Memory (MB): peak = 1028.906 ; gain = 0.000
export_ip_user_files -of_objects  [get_files {{C:/Users/ddddd/OneDrive/Desktop/Semester 3/DLD/Project/hw/hw.srcs/sources_1/imports/hdl/top.v}}] -no_script -reset -force -quiet
remove_files  {{C:/Users/ddddd/OneDrive/Desktop/Semester 3/DLD/Project/hw/hw.srcs/sources_1/imports/hdl/top.v}}
export_ip_user_files -of_objects  [get_files {{C:/Users/ddddd/OneDrive/Desktop/Semester 3/DLD/Project/hw/hw.srcs/sources_1/imports/hdl/bin2ascii.v}}] -no_script -reset -force -quiet
export_ip_user_files -of_objects  [get_files {{C:/Users/ddddd/OneDrive/Desktop/Semester 3/DLD/Project/hw/hw.srcs/sources_1/imports/hdl/uart_buf_con.v}}] -no_script -reset -force -quiet
export_ip_user_files -of_objects  [get_files {{C:/Users/ddddd/OneDrive/Desktop/Semester 3/DLD/Project/hw/hw.srcs/sources_1/imports/hdl/uart_tx.v}}] -no_script -reset -force -quiet
remove_files  {{C:/Users/ddddd/OneDrive/Desktop/Semester 3/DLD/Project/hw/hw.srcs/sources_1/imports/hdl/bin2ascii.v} {C:/Users/ddddd/OneDrive/Desktop/Semester 3/DLD/Project/hw/hw.srcs/sources_1/imports/hdl/uart_buf_con.v} {C:/Users/ddddd/OneDrive/Desktop/Semester 3/DLD/Project/hw/hw.srcs/sources_1/imports/hdl/uart_tx.v}}
export_ip_user_files -of_objects  [get_files {{C:/Users/ddddd/OneDrive/Desktop/Semester 3/DLD/Project/DLD Two Player Snake/snake_game.srcs/sources_1/new/VGA_Int_TB.v}}] -no_script -reset -force -quiet
remove_files  {{C:/Users/ddddd/OneDrive/Desktop/Semester 3/DLD/Project/DLD Two Player Snake/snake_game.srcs/sources_1/new/VGA_Int_TB.v}}
exit
INFO: [Common 17-206] Exiting Vivado at Fri Nov  8 17:44:42 2024...
