#-----------------------------------------------------------
# Vivado v2020.1 (64-bit)
# SW Build 2902540 on Wed May 27 19:54:49 MDT 2020
# IP Build 2902112 on Wed May 27 22:43:36 MDT 2020
# Start of session at: Fri Dec  6 18:47:20 2024
# Process ID: 9696
# Current directory: C:/Users/ddddd/OneDrive/Desktop/Final_SnakeGame/snake_game
# Command line: vivado.exe -gui_launcher_event rodinguilauncherevent18784 C:\Users\ddddd\OneDrive\Desktop\Final_SnakeGame\snake_game\snake_game.xpr
# Log file: C:/Users/ddddd/OneDrive/Desktop/Final_SnakeGame/snake_game/vivado.log
# Journal file: C:/Users/ddddd/OneDrive/Desktop/Final_SnakeGame/snake_game\vivado.jou
#-----------------------------------------------------------
start_gui
open_project C:/Users/ddddd/OneDrive/Desktop/Final_SnakeGame/snake_game/snake_game.xpr
INFO: [Project 1-313] Project file moved from 'C:/snake_game' since last save.
Scanning sources...
Finished scanning sources
INFO: [IP_Flow 19-234] Refreshing IP repositories
INFO: [IP_Flow 19-1704] No user IP repositories specified
INFO: [IP_Flow 19-2313] Loaded Vivado IP repository 'C:/Xilinx/Vivado/2020.1/data/ip'.
open_project: Time (s): cpu = 00:00:35 ; elapsed = 00:00:19 . Memory (MB): peak = 1024.516 ; gain = 0.000
update_compile_order -fileset sources_1
exit
INFO: [Common 17-206] Exiting Vivado at Fri Dec  6 18:48:54 2024...
