#-----------------------------------------------------------
# Vivado v2020.1 (64-bit)
# SW Build 2902540 on Wed May 27 19:54:49 MDT 2020
# IP Build 2902112 on Wed May 27 22:43:36 MDT 2020
# Start of session at: Thu Nov 14 20:46:28 2024
# Process ID: 21984
# Current directory: C:/Users/ddddd/OneDrive/Desktop/Semester 3/DLD/Project/Two-Player-Snake/snake_game
# Command line: vivado.exe -gui_launcher_event rodinguilauncherevent16304 C:\Users\ddddd\OneDrive\Desktop\Semester 3\DLD\Project\Two-Player-Snake\snake_game\snake_game.xpr
# Log file: C:/Users/ddddd/OneDrive/Desktop/Semester 3/DLD/Project/Two-Player-Snake/snake_game/vivado.log
# Journal file: C:/Users/ddddd/OneDrive/Desktop/Semester 3/DLD/Project/Two-Player-Snake/snake_game\vivado.jou
#-----------------------------------------------------------
start_gui
open_project {C:/Users/ddddd/OneDrive/Desktop/Semester 3/DLD/Project/Two-Player-Snake/snake_game/snake_game.xpr}
INFO: [ProjectBase 1-489] The host OS only allows 260 characters in a normal path. The project is stored in a path with more than 80 characters. If you experience issues with IP, Block Designs, or files not being found, please consider moving the project to a location with a shorter path. Alternately consider using the OS subst command to map part of the path to a drive letter.
Current project path is 'C:/Users/ddddd/OneDrive/Desktop/Semester 3/DLD/Project/Two-Player-Snake/snake_game'
Scanning sources...
Finished scanning sources
WARNING: [filemgmt 56-3] Default IP Output Path : Could not find the directory 'C:/Users/ddddd/OneDrive/Desktop/Semester 3/DLD/Project/Two-Player-Snake/snake_game/snake_game.srcs/sources_1'.
INFO: [IP_Flow 19-234] Refreshing IP repositories
INFO: [IP_Flow 19-1704] No user IP repositories specified
INFO: [IP_Flow 19-2313] Loaded Vivado IP repository 'C:/Xilinx/Vivado/2020.1/data/ip'.
open_project: Time (s): cpu = 00:00:19 ; elapsed = 00:00:07 . Memory (MB): peak = 1201.738 ; gain = 0.000
update_compile_order -fileset sources_1
import_files C:/Users/ddddd/OneDrive/Desktop/Two-Player-Snake-main/snake_game.srcs/sources_1/new/Master_Game.v
import_files
INFO: [filemgmt 20-348] Importing the appropriate files for fileset: 'constrs_1'
INFO: [filemgmt 20-348] Importing the appropriate files for fileset: 'sources_1'
export_ip_user_files -of_objects  [get_files {{C:/Users/ddddd/OneDrive/Desktop/Semester 3/DLD/Project/Two-Player-Snake/snake_game/snake_game.srcs/sources_1/imports/new/top.v}}] -no_script -reset -force -quiet
export_ip_user_files -of_objects  [get_files {{C:/Users/ddddd/OneDrive/Desktop/Semester 3/DLD/Project/Two-Player-Snake/snake_game/snake_game.srcs/sources_1/imports/new/VGA_Int_TB.v}}] -no_script -reset -force -quiet
export_ip_user_files -of_objects  [get_files {{C:/Users/ddddd/OneDrive/Desktop/Semester 3/DLD/Project/Two-Player-Snake/snake_game/snake_game.srcs/sources_1/imports/new/Multiplexer_4Ways.v}}] -no_script -reset -force -quiet
export_ip_user_files -of_objects  [get_files {{C:/Users/ddddd/OneDrive/Desktop/Semester 3/DLD/Project/Two-Player-Snake/snake_game/snake_game.srcs/sources_1/imports/new/Multiplexer_4way.v}}] -no_script -reset -force -quiet
export_ip_user_files -of_objects  [get_files {{C:/Users/ddddd/OneDrive/Desktop/Semester 3/DLD/Project/Two-Player-Snake/snake_game/snake_game.srcs/sources_1/imports/new/7Segment_Display_Interface.v}}] -no_script -reset -force -quiet
remove_files  {{C:/Users/ddddd/OneDrive/Desktop/Semester 3/DLD/Project/Two-Player-Snake/snake_game/snake_game.srcs/sources_1/imports/new/top.v} {C:/Users/ddddd/OneDrive/Desktop/Semester 3/DLD/Project/Two-Player-Snake/snake_game/snake_game.srcs/sources_1/imports/new/VGA_Int_TB.v} {C:/Users/ddddd/OneDrive/Desktop/Semester 3/DLD/Project/Two-Player-Snake/snake_game/snake_game.srcs/sources_1/imports/new/Multiplexer_4Ways.v} {C:/Users/ddddd/OneDrive/Desktop/Semester 3/DLD/Project/Two-Player-Snake/snake_game/snake_game.srcs/sources_1/imports/new/Multiplexer_4way.v} {C:/Users/ddddd/OneDrive/Desktop/Semester 3/DLD/Project/Two-Player-Snake/snake_game/snake_game.srcs/sources_1/imports/new/7Segment_Display_Interface.v}}
export_ip_user_files -of_objects  [get_files {{C:/Users/ddddd/OneDrive/Desktop/Semester 3/DLD/Project/Two-Player-Snake/snake_game/snake_game.srcs/sources_1/imports/new/bin2ascii.v}}] -no_script -reset -force -quiet
export_ip_user_files -of_objects  [get_files {{C:/Users/ddddd/OneDrive/Desktop/Semester 3/DLD/Project/Two-Player-Snake/snake_game/snake_game.srcs/sources_1/imports/new/uart_buf_con.v}}] -no_script -reset -force -quiet
export_ip_user_files -of_objects  [get_files {{C:/Users/ddddd/OneDrive/Desktop/Semester 3/DLD/Project/Two-Player-Snake/snake_game/snake_game.srcs/sources_1/imports/new/uart_tx.v}}] -no_script -reset -force -quiet
remove_files  {{C:/Users/ddddd/OneDrive/Desktop/Semester 3/DLD/Project/Two-Player-Snake/snake_game/snake_game.srcs/sources_1/imports/new/bin2ascii.v} {C:/Users/ddddd/OneDrive/Desktop/Semester 3/DLD/Project/Two-Player-Snake/snake_game/snake_game.srcs/sources_1/imports/new/uart_buf_con.v} {C:/Users/ddddd/OneDrive/Desktop/Semester 3/DLD/Project/Two-Player-Snake/snake_game/snake_game.srcs/sources_1/imports/new/uart_tx.v}}
exit
INFO: [Common 17-206] Exiting Vivado at Thu Nov 14 20:49:42 2024...
