Copyright 1986-2020 Xilinx, Inc. All Rights Reserved.
----------------------------------------------------------------------------------------
| Tool Version : Vivado v.2020.1 (win64) Build 2902540 Wed May 27 19:54:49 MDT 2020
| Date         : Sat Dec  7 01:25:13 2024
| Host         : Taha running 64-bit major release  (build 9200)
| Command      : report_control_sets -verbose -file Master_Game_control_sets_placed.rpt
| Design       : Master_Game
| Device       : xc7a35t
----------------------------------------------------------------------------------------

Control Set Information

Table of Contents
-----------------
1. Summary
2. Histogram
3. Flip-Flop Distribution
4. Detailed Control Set Information

1. Summary
----------

+----------------------------------------------------------+-------+
|                          Status                          | Count |
+----------------------------------------------------------+-------+
| Total control sets                                       |    26 |
|    Minimum number of control sets                        |    26 |
|    Addition due to synthesis replication                 |     0 |
|    Addition due to physical synthesis replication        |     0 |
| Unused register locations in slices containing registers |    96 |
+----------------------------------------------------------+-------+
* Control sets can be merged at opt_design using control_set_merge or merge_equivalent_drivers
** Run report_qor_suggestions for automated merging and remapping suggestions


2. Histogram
------------

+--------------------+-------+
|       Fanout       | Count |
+--------------------+-------+
| Total control sets |    26 |
| >= 0 to < 4        |     2 |
| >= 4 to < 6        |     7 |
| >= 6 to < 8        |     2 |
| >= 8 to < 10       |     5 |
| >= 10 to < 12      |     2 |
| >= 12 to < 14      |     1 |
| >= 14 to < 16      |     2 |
| >= 16              |     5 |
+--------------------+-------+
* Control sets can be remapped at either synth_design or opt_design


3. Flip-Flop Distribution
-------------------------

+--------------+-----------------------+------------------------+-----------------+--------------+
| Clock Enable | Synchronous Set/Reset | Asynchronous Set/Reset | Total Registers | Total Slices |
+--------------+-----------------------+------------------------+-----------------+--------------+
| No           | No                    | No                     |              37 |           15 |
| No           | No                    | Yes                    |              38 |           13 |
| No           | Yes                   | No                     |             121 |           50 |
| Yes          | No                    | No                     |              58 |           25 |
| Yes          | No                    | Yes                    |              87 |           36 |
| Yes          | Yes                   | No                     |             699 |          331 |
+--------------+-----------------------+------------------------+-----------------+--------------+


4. Detailed Control Set Information
-----------------------------------

+-------------------------------+-----------------------------------------------+-----------------------------------------------+------------------+----------------+--------------+
|          Clock Signal         |                 Enable Signal                 |                Set/Reset Signal               | Slice Load Count | Bel Load Count | Bels / Slice |
+-------------------------------+-----------------------------------------------+-----------------------------------------------+------------------+----------------+--------------+
|  CLK_IBUF_BUFG                |                                               | vgai/vga/CounterTo799/count_value_reg[5]_0    |                1 |              1 |         1.00 |
|  CLK_IBUF_BUFG                |                                               | vgai/vga/CounterTo520/count_value_reg[9]_1    |                1 |              1 |         1.00 |
| ~keyboard_receiver/db_clk/clk | keyboard_receiver/cnt                         | keyboard_receiver/cnt[3]_i_1_n_0              |                1 |              4 |         4.00 |
|  CLK_IBUF_BUFG                |                                               | vgai/vga/SR[0]                                |                3 |              4 |         1.33 |
|  CLK_IBUF_BUFG                | msm/E[0]                                      | BTNC_reg_n_0                                  |                2 |              4 |         2.00 |
|  CLK_IBUF_BUFG                | sc/SCORE_SNAKE_ONE[3]_i_1_n_0                 | BTNC_reg_n_0                                  |                3 |              4 |         1.33 |
|  CLK_IBUF_BUFG                | sc/SCORE_SNAKE_TWO[3]_i_1_n_0                 | BTNC_reg_n_0                                  |                2 |              4 |         2.00 |
|  CLK_IBUF_BUFG                | t1/MINUTES_UNITS[3]_i_1_n_0                   | BTNC_reg_n_0                                  |                2 |              4 |         2.00 |
|  CLK_IBUF_BUFG                | keyboard_receiver/db_data/count[4]_i_2__0_n_0 | keyboard_receiver/db_data/count[4]_i_1__0_n_0 |                1 |              5 |         5.00 |
|  CLK_IBUF_BUFG                | nsm2/E[0]                                     |                                               |                5 |              7 |         1.40 |
|  CLK_IBUF_BUFG                | nsm1/E[0]                                     |                                               |                5 |              7 |         1.40 |
|  CLK_IBUF_BUFG                | nsm2/FSM_sequential_state_snake_reg[0]_0[0]   |                                               |                4 |              8 |         2.00 |
|  CLK_IBUF_BUFG                | nsm1/FSM_sequential_state_snake_reg[0]_0[0]   |                                               |                3 |              8 |         2.67 |
|  CLK_IBUF_BUFG                | keyboard_receiver/keycode[7]_i_1_n_0          |                                               |                2 |              8 |         4.00 |
| ~keyboard_receiver/db_clk/clk |                                               |                                               |                3 |              9 |         3.00 |
|  CLK_IBUF_BUFG                |                                               | keyboard_receiver/oflag_reg_0                 |                6 |              9 |         1.50 |
|  CLK_IBUF_BUFG                | vgai/vga/CounterTo3/CounterTo4Trigger         |                                               |                2 |             10 |         5.00 |
|  CLK_IBUF_BUFG                | vgai/vga/CounterTo799/TrigSecondCounter       |                                               |                4 |             10 |         2.50 |
|  CLK_IBUF_BUFG                |                                               | vgai/vga/CounterTo799/count_value_reg[9]_0    |                5 |             12 |         2.40 |
|  CLK_IBUF_BUFG                | s1/E[0]                                       | BTNC_reg_n_0                                  |                6 |             15 |         2.50 |
|  CLK_IBUF_BUFG                | s1/reached_p_one_reg_1[0]                     | BTNC_reg_n_0                                  |                7 |             15 |         2.14 |
|  CLK_IBUF_BUFG                |                                               |                                               |               12 |             28 |         2.33 |
|  CLK_IBUF_BUFG                | msm/state_game_reg[0]_3[0]                    | BTNC_reg_n_0                                  |               14 |             41 |         2.93 |
|  CLK_IBUF_BUFG                |                                               | BTNC_reg_n_0                                  |               24 |             64 |         2.67 |
|  CLK_IBUF_BUFG                |                                               | vgai/vga/CounterTo799/count_value_reg[8]_0    |               23 |             68 |         2.96 |
|  CLK_IBUF_BUFG                | s1/moveSnake/E[0]                             | s1/moveSnake/SR[0]                            |              329 |            690 |         2.10 |
+-------------------------------+-----------------------------------------------+-----------------------------------------------+------------------+----------------+--------------+


