#-----------------------------------------------------------
# Vivado v2020.1 (64-bit)
# SW Build 2902540 on Wed May 27 19:54:49 MDT 2020
# IP Build 2902112 on Wed May 27 22:43:36 MDT 2020
# Start of session at: Wed Nov 27 10:15:30 2024
# Process ID: 13504
# Current directory: C:/Users/ddddd/OneDrive/Desktop/Semester 3/DLD/Project/Two-Player-Snake/snake_game
# Command line: vivado.exe -gui_launcher_event rodinguilauncherevent10404 C:\Users\ddddd\OneDrive\Desktop\Semester 3\DLD\Project\Two-Player-Snake\snake_game\snake_game.xpr
# Log file: C:/Users/ddddd/OneDrive/Desktop/Semester 3/DLD/Project/Two-Player-Snake/snake_game/vivado.log
# Journal file: C:/Users/ddddd/OneDrive/Desktop/Semester 3/DLD/Project/Two-Player-Snake/snake_game\vivado.jou
#-----------------------------------------------------------
start_gui
open_project {C:/Users/ddddd/OneDrive/Desktop/Semester 3/DLD/Project/Two-Player-Snake/snake_game/snake_game.xpr}
INFO: [ProjectBase 1-489] The host OS only allows 260 characters in a normal path. The project is stored in a path with more than 80 characters. If you experience issues with IP, Block Designs, or files not being found, please consider moving the project to a location with a shorter path. Alternately consider using the OS subst command to map part of the path to a drive letter.
Current project path is 'C:/Users/ddddd/OneDrive/Desktop/Semester 3/DLD/Project/Two-Player-Snake/snake_game'
Scanning sources...
Finished scanning sources
INFO: [IP_Flow 19-234] Refreshing IP repositories
INFO: [IP_Flow 19-1704] No user IP repositories specified
INFO: [IP_Flow 19-2313] Loaded Vivado IP repository 'C:/Xilinx/Vivado/2020.1/data/ip'.
open_project: Time (s): cpu = 00:00:16 ; elapsed = 00:00:06 . Memory (MB): peak = 1026.766 ; gain = 0.000
update_compile_order -fileset sources_1
reset_run synth_1
launch_runs impl_1 -to_step write_bitstream -jobs 4
[Wed Nov 27 11:11:47 2024] Launched synth_1...
Run output will be captured here: C:/Users/ddddd/OneDrive/Desktop/Semester 3/DLD/Project/Two-Player-Snake/snake_game/snake_game.runs/synth_1/runme.log
[Wed Nov 27 11:11:47 2024] Launched impl_1...
Run output will be captured here: C:/Users/ddddd/OneDrive/Desktop/Semester 3/DLD/Project/Two-Player-Snake/snake_game/snake_game.runs/impl_1/runme.log
reset_run synth_1
launch_runs impl_1 -to_step write_bitstream -jobs 4
[Wed Nov 27 11:18:19 2024] Launched synth_1...
Run output will be captured here: C:/Users/ddddd/OneDrive/Desktop/Semester 3/DLD/Project/Two-Player-Snake/snake_game/snake_game.runs/synth_1/runme.log
[Wed Nov 27 11:18:19 2024] Launched impl_1...
Run output will be captured here: C:/Users/ddddd/OneDrive/Desktop/Semester 3/DLD/Project/Two-Player-Snake/snake_game/snake_game.runs/impl_1/runme.log
exit
INFO: [Common 17-206] Exiting Vivado at Wed Nov 27 16:00:13 2024...
