#-----------------------------------------------------------
# Vivado v2020.1 (64-bit)
# SW Build 2902540 on Wed May 27 19:54:49 MDT 2020
# IP Build 2902112 on Wed May 27 22:43:36 MDT 2020
# Start of session at: Wed Dec 11 14:41:53 2024
# Process ID: 17348
# Current directory: C:/Users/ddddd/OneDrive/Desktop/Two-Player-Snake-main/snake_game/snake_game
# Command line: vivado.exe -gui_launcher_event rodinguilauncherevent13712 C:\Users\ddddd\OneDrive\Desktop\Two-Player-Snake-main\snake_game\snake_game\snake_game.xpr
# Log file: C:/Users/ddddd/OneDrive/Desktop/Two-Player-Snake-main/snake_game/snake_game/vivado.log
# Journal file: C:/Users/ddddd/OneDrive/Desktop/Two-Player-Snake-main/snake_game/snake_game\vivado.jou
#-----------------------------------------------------------sstart_guiopen_project C:/Users/ddddd/OneDrive/Desktop/Two-Player-Snake-main/snake_game/snake_game/snake_game.xpr
INFO: [Project 1-313] Project file moved from 'C:/Users/ddddd/OneDrive/Desktop/Semester 3/DLD/Project/Two-Player-Snake/snake_game/snake_game' since last save.
Scanning sources...
Finished scanning sources
INFO: [IP_Flow 19-234] Refreshing IP repositories
INFO: [IP_Flow 19-1704] No user IP repositories specified
INFO: [IP_Flow 19-2313] Loaded Vivado IP repository 'C:/Xilinx/Vivado/2020.1/data/ip'.
open_project: Time (s): cpu = 00:00:25 ; elapsed = 00:00:10 . Memory (MB): peak = 1024.562 ; gain = 0.000
update_compile_order -fileset sources_1
reset_run synth_1
launch_runs impl_1 -to_step write_bitstream -jobs 4
[Wed Dec 11 14:43:11 2024] Launched synth_1...
Run output will be captured here: C:/Users/ddddd/OneDrive/Desktop/Two-Player-Snake-main/snake_game/snake_game/snake_game.runs/synth_1/runme.log
[Wed Dec 11 14:43:11 2024] Launched impl_1...
Run output will be captured here: C:/Users/ddddd/OneDrive/Desktop/Two-Player-Snake-main/snake_game/snake_game/snake_game.runs/impl_1/runme.log
open_hw_manager
connect_hw_server -allow_non_jtag
INFO: [Labtools 27-2285] Connecting to hw_server url TCP:localhost:3121
INFO: [Labtools 27-3415] Connecting to cs_server url TCP:localhost:3042
INFO: [Labtools 27-3414] Connected to existing cs_server.
open_hw_target
INFO: [Labtoolstcl 44-466] Opening hw_target localhost:3121/xilinx_tcf/Digilent/210183AF2A1DA
set_property PROGRAM.FILE {C:/Users/ddddd/OneDrive/Desktop/Two-Player-Snake-main/snake_game/snake_game/snake_game.runs/impl_1/Master_Game.bit} [get_hw_devices xc7a35t_0]
current_hw_device [get_hw_devices xc7a35t_0]
refresh_hw_device -update_hw_probes false [lindex [get_hw_devices xc7a35t_0] 0]
INFO: [Labtools 27-1434] Device xc7a35t (JTAG device index = 0) is programmed with a design that has no supported debug core(s) in it.
set_property PROBES.FILE {} [get_hw_devices xc7a35t_0]
set_property FULL_PROBES.FILE {} [get_hw_devices xc7a35t_0]
set_property PROGRAM.FILE {C:/Users/ddddd/OneDrive/Desktop/Two-Player-Snake-main/snake_game/snake_game/snake_game.runs/impl_1/Master_Game.bit} [get_hw_devices xc7a35t_0]
program_hw_devices [get_hw_devices xc7a35t_0]
INFO: [Labtools 27-3164] End of startup status: HIGH
refresh_hw_device [lindex [get_hw_devices xc7a35t_0] 0]
INFO: [Labtools 27-1434] Device xc7a35t (JTAG device index = 0) is programmed with a design that has no supported debug core(s) in it.
close_hw_manager
reset_run synth_1
launch_runs impl_1 -to_step write_bitstream -jobs 4
[Wed Dec 11 14:55:26 2024] Launched synth_1...
Run output will be captured here: C:/Users/ddddd/OneDrive/Desktop/Two-Player-Snake-main/snake_game/snake_game/snake_game.runs/synth_1/runme.log
[Wed Dec 11 14:55:26 2024] Launched impl_1...
Run output will be captured here: C:/Users/ddddd/OneDrive/Desktop/Two-Player-Snake-main/snake_game/snake_game/snake_game.runs/impl_1/runme.log
open_hw_manager
connect_hw_server -allow_non_jtag
INFO: [Labtools 27-2285] Connecting to hw_server url TCP:localhost:3121
INFO: [Labtools 27-3415] Connecting to cs_server url TCP:localhost:3042
INFO: [Labtools 27-3414] Connected to existing cs_server.
open_hw_target
INFO: [Labtoolstcl 44-466] Opening hw_target localhost:3121/xilinx_tcf/Digilent/210183AF2A1DA
set_property PROGRAM.FILE {C:/Users/ddddd/OneDrive/Desktop/Two-Player-Snake-main/snake_game/snake_game/snake_game.runs/impl_1/Master_Game.bit} [get_hw_devices xc7a35t_0]
current_hw_device [get_hw_devices xc7a35t_0]
refresh_hw_device -update_hw_probes false [lindex [get_hw_devices xc7a35t_0] 0]
INFO: [Labtools 27-1434] Device xc7a35t (JTAG device index = 0) is programmed with a design that has no supported debug core(s) in it.
set_property PROBES.FILE {} [get_hw_devices xc7a35t_0]
set_property FULL_PROBES.FILE {} [get_hw_devices xc7a35t_0]
set_property PROGRAM.FILE {C:/Users/ddddd/OneDrive/Desktop/Two-Player-Snake-main/snake_game/snake_game/snake_game.runs/impl_1/Master_Game.bit} [get_hw_devices xc7a35t_0]
program_hw_devices [get_hw_devices xc7a35t_0]
INFO: [Labtools 27-3164] End of startup status: HIGH
refresh_hw_device [lindex [get_hw_devices xc7a35t_0] 0]
INFO: [Labtools 27-1434] Device xc7a35t (JTAG device index = 0) is programmed with a design that has no supported debug core(s) in it.
reset_run synth_1
launch_runs impl_1 -to_step write_bitstream -jobs 4
[Wed Dec 11 15:03:08 2024] Launched synth_1...
Run output will be captured here: C:/Users/ddddd/OneDrive/Desktop/Two-Player-Snake-main/snake_game/snake_game/snake_game.runs/synth_1/runme.log
[Wed Dec 11 15:03:08 2024] Launched impl_1...
Run output will be captured here: C:/Users/ddddd/OneDrive/Desktop/Two-Player-Snake-main/snake_game/snake_game/snake_game.runs/impl_1/runme.log
close_hw_manager
open_hw_manager
connect_hw_server -allow_non_jtag
INFO: [Labtools 27-2285] Connecting to hw_server url TCP:localhost:3121
INFO: [Labtools 27-3415] Connecting to cs_server url TCP:localhost:3042
INFO: [Labtools 27-3414] Connected to existing cs_server.
open_hw_target
INFO: [Labtoolstcl 44-466] Opening hw_target localhost:3121/xilinx_tcf/Digilent/210183AF2A1DA
set_property PROGRAM.FILE {C:/Users/ddddd/OneDrive/Desktop/Two-Player-Snake-main/snake_game/snake_game/snake_game.runs/impl_1/Master_Game.bit} [get_hw_devices xc7a35t_0]
current_hw_device [get_hw_devices xc7a35t_0]
refresh_hw_device -update_hw_probes false [lindex [get_hw_devices xc7a35t_0] 0]
INFO: [Labtools 27-1434] Device xc7a35t (JTAG device index = 0) is programmed with a design that has no supported debug core(s) in it.
set_property PROBES.FILE {} [get_hw_devices xc7a35t_0]
set_property FULL_PROBES.FILE {} [get_hw_devices xc7a35t_0]
set_property PROGRAM.FILE {C:/Users/ddddd/OneDrive/Desktop/Two-Player-Snake-main/snake_game/snake_game/snake_game.runs/impl_1/Master_Game.bit} [get_hw_devices xc7a35t_0]
program_hw_devices [get_hw_devices xc7a35t_0]
INFO: [Labtools 27-3164] End of startup status: HIGH
refresh_hw_device [lindex [get_hw_devices xc7a35t_0] 0]
INFO: [Labtools 27-1434] Device xc7a35t (JTAG device index = 0) is programmed with a design that has no supported debug core(s) in it.
exit
INFO: [Common 17-206] Exiting Vivado at Wed Dec 11 15:11:41 2024...
